12/09/04 14:34:23.26 [info]: snippets DbGen/Mongo/SynchroStart Opening database
12/09/04 14:34:23.26 [notice]: DbGen/Mongo Looking for MongoDB in directory '/home/gregmak/.opa/mongo'
12/09/04 14:34:23.28 [notice]: DbGen/Mongo MongoDB seems launched (pid:9587)
12/09/04 14:34:23.28 [info]: MongoDriver.open localhost:27017
12/09/04 14:34:23.28 [info]: snippets DbGen/Mongo/SynchroStart Db is ready
12/09/04 14:34:23.29 [info]: snippets DbGen/Mongo/SynchroStart Process 0 operations on the db wait list, start
12/09/04 14:34:23.29 [info]: snippets DbGen/Mongo/SynchroStart Process 0 operations on the db wait list, finished
12/09/04 14:34:59.88 [info]: snippets DbGen/Mongo/SynchroStart Opening database
12/09/04 14:34:59.88 [notice]: DbGen/Mongo Looking for MongoDB in directory '/home/gregmak/.opa/mongo'
12/09/04 14:34:59.88 [notice]: DbGen/Mongo Launching MongoDB with --pidfilepath /tmp/opaMongo.pid --noprealloc --bind_ip 0.0.0.0 --dbpath /home/gregmak/.opa/mongo/data --fork --logpath /home/gregmak/.opa/mongo/mongo.log
12/09/04 14:35:00.94 [notice]: DbGen/Mongo MongoDB seems launched (pid:17554)
12/09/04 14:35:00.95 [info]: MongoDriver.open localhost:27017
12/09/04 14:35:00.95 [info]: snippets DbGen/Mongo/SynchroStart Db is ready
12/09/04 14:35:00.95 [info]: snippets DbGen/Mongo/SynchroStart Process 0 operations on the db wait list, start
12/09/04 14:35:00.95 [info]: snippets DbGen/Mongo/SynchroStart Process 0 operations on the db wait list, finished
12/10/22 11:09:35.28 [info]: snippets_v3 DbGen/Mongo/SynchroStart Sync op on db syncops list
12/10/22 11:09:38.89 [info]: snippets_v3 DbGen/Mongo/SynchroStart Opening database
12/10/22 11:09:38.89 [notice]: DbGen/Mongo Looking for MongoDB in directory '/home/gregmak/.opa/mongo'
12/10/22 11:09:38.89 [notice]: DbGen/Mongo MongoDB seems launched (pid:12626)
12/10/22 11:09:38.90 [info]: MongoDriver.open localhost:27017
12/10/22 11:09:38.90 [info]: snippets_v3 DbGen/Mongo/SynchroStart Processing sync op 0, start andtvpnygpgttorc
12/10/22 11:09:38.97 [notice]: DbGen/Mongo (success) Index [id] at [snippets] has been created
12/10/22 11:09:38.97 [info]: snippets_v3 DbGen/Mongo/SynchroStart Processing sync op, finished andtvpnygpgttorc
12/10/22 11:09:38.98 [info]: snippets_v3 DbGen/Mongo/SynchroStart Db is ready
12/10/22 11:09:38.98 [info]: snippets_v3 DbGen/Mongo/SynchroStart Process 0 operations on the db wait list, start
12/10/22 11:09:38.98 [info]: snippets_v3 DbGen/Mongo/SynchroStart Process 0 operations on the db wait list, finished
12/10/22 11:09:45.21 [info]: Cell_Server Delegate cell call
12/10/22 12:09:15.86 [info]: snippets_v3 DbGen/Mongo/SynchroStart Sync op on db syncops list
12/10/22 12:09:19.46 [info]: snippets_v3 DbGen/Mongo/SynchroStart Opening database
12/10/22 12:09:19.46 [notice]: DbGen/Mongo Looking for MongoDB in directory '/home/gregmak/.opa/mongo'
12/10/22 12:09:19.46 [notice]: DbGen/Mongo MongoDB seems launched (pid:12626)
12/10/22 12:09:19.47 [info]: MongoDriver.open localhost:27017
12/10/22 12:09:19.47 [info]: snippets_v3 DbGen/Mongo/SynchroStart Processing sync op 0, start qhdgloaipzmqhbki
12/10/22 12:09:19.54 [notice]: DbGen/Mongo (success) Index [id] at [snippets] has been created
12/10/22 12:09:19.54 [info]: snippets_v3 DbGen/Mongo/SynchroStart Processing sync op, finished qhdgloaipzmqhbki
12/10/22 12:09:19.54 [info]: snippets_v3 DbGen/Mongo/SynchroStart Db is ready
12/10/22 12:09:19.54 [info]: snippets_v3 DbGen/Mongo/SynchroStart Process 0 operations on the db wait list, start
12/10/22 12:09:19.54 [info]: snippets_v3 DbGen/Mongo/SynchroStart Process 0 operations on the db wait list, finished
12/10/22 12:09:30.59 [info]: Cell_Server Delegate cell call
12/10/22 12:09:38.46 [info]: Cell_Server Delegate cell call
12/10/22 12:09:41.61 [info]: Cell_Server Delegate cell call
12/10/22 12:10:18.60 [info]: Cell_Server Delegate cell call
12/10/22 12:10:21.30 [info]: Cell_Server Delegate cell call
12/10/22 12:10:26.04 [info]: Cell_Server Delegate cell call
12/10/22 12:10:28.84 [info]: Cell_Server Delegate cell call
12/10/22 12:10:34.20 [info]: Cell_Server Delegate cell call
12/10/22 12:11:33.99 [info]: Cell_Server Delegate cell call
12/10/22 12:12:04.21 [info]: snippets_v3 DbGen/Mongo/SynchroStart Sync op on db syncops list
12/10/22 12:12:07.88 [info]: snippets_v3 DbGen/Mongo/SynchroStart Opening database
12/10/22 12:12:07.88 [notice]: DbGen/Mongo Looking for MongoDB in directory '/home/gregmak/.opa/mongo'
12/10/22 12:12:07.89 [notice]: DbGen/Mongo MongoDB seems launched (pid:12626)
12/10/22 12:12:07.89 [info]: MongoDriver.open localhost:27017
12/10/22 12:12:07.89 [info]: snippets_v3 DbGen/Mongo/SynchroStart Processing sync op 0, start uazlwlwhbltqaenz
12/10/22 12:12:07.96 [notice]: DbGen/Mongo (success) Index [id] at [snippets] has been created
12/10/22 12:12:07.96 [info]: snippets_v3 DbGen/Mongo/SynchroStart Processing sync op, finished uazlwlwhbltqaenz
12/10/22 12:12:07.97 [info]: snippets_v3 DbGen/Mongo/SynchroStart Db is ready
12/10/22 12:12:07.97 [info]: snippets_v3 DbGen/Mongo/SynchroStart Process 0 operations on the db wait list, start
12/10/22 12:12:07.97 [info]: snippets_v3 DbGen/Mongo/SynchroStart Process 0 operations on the db wait list, finished
12/10/22 12:12:34.20 [info]: Cell_Server Delegate cell call
12/10/22 12:12:37.62 [info]: Cell_Server Delegate cell call
12/10/22 12:12:56.24 [info]: Cell_Server Delegate cell call
12/10/22 12:13:00.34 [info]: Cell_Server Delegate cell call
12/10/22 12:13:06.72 [info]: Cell_Server Delegate cell call
12/10/22 12:13:07.90 [info]: Cell_Server Delegate cell call
12/10/22 12:13:10.55 [info]: Cell_Server Delegate cell call
12/10/22 12:13:14.95 [info]: Cell_Server Delegate cell call
12/10/22 12:13:31.31 [info]: Cell_Server Delegate cell call
12/10/22 12:13:34.74 [info]: Cell_Server Delegate cell call
12/10/22 12:13:36.27 [info]: Cell_Server Delegate cell call
12/10/22 12:13:39.22 [info]: Cell_Server Delegate cell call
12/10/22 12:13:41.91 [info]: Cell_Server Delegate cell call
12/10/22 12:13:46.83 [info]: Cell_Server Delegate cell call
12/10/22 12:16:10.63 [info]: snippets_v3 DbGen/Mongo/SynchroStart Sync op on db syncops list
12/10/22 12:16:18.05 [info]: snippets_v3 DbGen/Mongo/SynchroStart Opening database
12/10/22 12:16:18.06 [notice]: DbGen/Mongo Looking for MongoDB in directory '/home/gregmak/.opa/mongo'
12/10/22 12:16:18.08 [notice]: DbGen/Mongo MongoDB seems launched (pid:12626)
12/10/22 12:16:18.08 [info]: MongoDriver.open localhost:27017
12/10/22 12:16:18.08 [info]: snippets_v3 DbGen/Mongo/SynchroStart Processing sync op 0, start oonqhokpwsbvdwji
12/10/22 12:16:18.25 [notice]: DbGen/Mongo (success) Index [id] at [snippets] has been created
12/10/22 12:16:18.25 [info]: snippets_v3 DbGen/Mongo/SynchroStart Processing sync op, finished oonqhokpwsbvdwji
12/10/22 12:16:18.25 [info]: snippets_v3 DbGen/Mongo/SynchroStart Db is ready
12/10/22 12:16:18.25 [info]: snippets_v3 DbGen/Mongo/SynchroStart Process 0 operations on the db wait list, start
12/10/22 12:16:18.26 [info]: snippets_v3 DbGen/Mongo/SynchroStart Process 0 operations on the db wait list, finished
12/10/22 12:16:41.45 [info]: Cell_Server Delegate cell call
12/10/22 12:16:46.47 [info]: Cell_Server Delegate cell call
12/10/22 12:16:47.66 [info]: Cell_Server Delegate cell call
12/10/22 12:17:13.30 [info]: Cell_Server Delegate cell call
12/10/22 12:17:44.86 [info]: snippets_v3 DbGen/Mongo/SynchroStart Sync op on db syncops list
12/10/22 12:17:48.46 [info]: snippets_v3 DbGen/Mongo/SynchroStart Opening database
12/10/22 12:17:48.46 [notice]: DbGen/Mongo Looking for MongoDB in directory '/home/gregmak/.opa/mongo'
12/10/22 12:17:48.47 [notice]: DbGen/Mongo MongoDB seems launched (pid:12626)
12/10/22 12:17:48.47 [info]: MongoDriver.open localhost:27017
12/10/22 12:17:48.48 [info]: snippets_v3 DbGen/Mongo/SynchroStart Processing sync op 0, start arlegrhzyzdrsvgz
12/10/22 12:17:48.54 [notice]: DbGen/Mongo (success) Index [id] at [snippets] has been created
12/10/22 12:17:48.54 [info]: snippets_v3 DbGen/Mongo/SynchroStart Processing sync op, finished arlegrhzyzdrsvgz
12/10/22 12:17:48.55 [info]: snippets_v3 DbGen/Mongo/SynchroStart Db is ready
12/10/22 12:17:48.55 [info]: snippets_v3 DbGen/Mongo/SynchroStart Process 0 operations on the db wait list, start
12/10/22 12:17:48.55 [info]: snippets_v3 DbGen/Mongo/SynchroStart Process 0 operations on the db wait list, finished
12/10/22 12:17:52.11 [info]: Cell_Server Delegate cell call
12/10/22 12:17:55.70 [info]: Cell_Server Delegate cell call
12/10/22 12:17:59.39 [info]: Cell_Server Delegate cell call
12/10/22 12:19:31.77 [info]: snippets_v3 DbGen/Mongo/SynchroStart Sync op on db syncops list
12/10/22 12:19:35.78 [info]: snippets_v3 DbGen/Mongo/SynchroStart Opening database
12/10/22 12:19:35.78 [notice]: DbGen/Mongo Looking for MongoDB in directory '/home/gregmak/.opa/mongo'
12/10/22 12:19:35.78 [notice]: DbGen/Mongo MongoDB seems launched (pid:12626)
12/10/22 12:19:35.79 [info]: MongoDriver.open localhost:27017
12/10/22 12:19:35.79 [info]: snippets_v3 DbGen/Mongo/SynchroStart Processing sync op 0, start xviqetzryumzgbrv
12/10/22 12:19:35.86 [notice]: DbGen/Mongo (success) Index [id] at [snippets] has been created
12/10/22 12:19:35.86 [info]: snippets_v3 DbGen/Mongo/SynchroStart Processing sync op, finished xviqetzryumzgbrv
12/10/22 12:19:35.86 [info]: snippets_v3 DbGen/Mongo/SynchroStart Db is ready
12/10/22 12:19:35.86 [info]: snippets_v3 DbGen/Mongo/SynchroStart Process 0 operations on the db wait list, start
12/10/22 12:19:35.86 [info]: snippets_v3 DbGen/Mongo/SynchroStart Process 0 operations on the db wait list, finished
12/10/22 12:20:24.82 [info]: Cell_Server Delegate cell call
12/10/22 12:20:28.45 [info]: Cell_Server Delegate cell call
12/10/22 12:20:29.73 [info]: Cell_Server Delegate cell call
12/10/22 12:20:33.03 [info]: Cell_Server Delegate cell call
12/10/22 12:20:33.95 [info]: Cell_Server Delegate cell call
12/10/22 15:53:37.27 [info]: snippets_v3 DbGen/Mongo/SynchroStart Sync op on db syncops list
12/10/22 15:53:40.94 [info]: snippets_v3 DbGen/Mongo/SynchroStart Opening database
12/10/22 15:53:40.94 [notice]: DbGen/Mongo Looking for MongoDB in directory '/home/gregmak/.opa/mongo'
12/10/22 15:53:40.94 [notice]: DbGen/Mongo MongoDB seems launched (pid:12626)
12/10/22 15:53:40.94 [info]: MongoDriver.open localhost:27017
12/10/22 15:53:40.95 [info]: snippets_v3 DbGen/Mongo/SynchroStart Processing sync op 0, start hfxnbxnqwkmehfhw
12/10/22 15:53:41.01 [notice]: DbGen/Mongo (success) Index [id] at [snippets] has been created
12/10/22 15:53:41.01 [info]: snippets_v3 DbGen/Mongo/SynchroStart Processing sync op, finished hfxnbxnqwkmehfhw
12/10/22 15:53:41.01 [info]: snippets_v3 DbGen/Mongo/SynchroStart Db is ready
12/10/22 15:53:41.01 [info]: snippets_v3 DbGen/Mongo/SynchroStart Process 0 operations on the db wait list, start
12/10/22 15:53:41.01 [info]: snippets_v3 DbGen/Mongo/SynchroStart Process 0 operations on the db wait list, finished
12/10/22 15:56:32.50 [info]: Cell_Server Delegate cell call
12/10/22 15:59:00.48 [info]: Cell_Server Delegate cell call
12/10/22 16:01:19.70 [info]: Cell_Server Delegate cell call
12/10/22 16:02:03.34 [info]: Cell_Server Delegate cell call
12/10/22 16:03:11.21 [info]: Cell_Server Delegate cell call
12/10/22 16:03:43.15 [info]: Cell_Server Delegate cell call
12/10/22 16:03:47.53 [info]: Cell_Server Delegate cell call
12/10/22 16:03:50.71 [info]: Cell_Server Delegate cell call
